# Activity Log

> Real-time tool call logging from stream-parser.


â•â•â•â•â•â•â•â•â•â•â•â•â•â•â•â•â•â•â•â•â•â•â•â•â•â•â•â•â•â•â•â•â•â•â•â•â•â•â•â•â•â•â•â•â•â•â•â•â•â•â•â•â•â•â•â•â•â•â•â•â•â•â•
Ralph Session Started: 2026å¹´ 1æœˆ28æ—¥ æ˜ŸæœŸä¸‰ 15æ—¶29åˆ†16ç§’ CST
â•â•â•â•â•â•â•â•â•â•â•â•â•â•â•â•â•â•â•â•â•â•â•â•â•â•â•â•â•â•â•â•â•â•â•â•â•â•â•â•â•â•â•â•â•â•â•â•â•â•â•â•â•â•â•â•â•â•â•â•â•â•â•
[15:29:22] ðŸŸ¢ SESSION START: model=Composer 1
[15:29:29] ðŸŸ¢ READ RALPH_TASK.md (38 lines, ~3.7KB)
[15:29:29] ðŸŸ¢ READ .ralph/progress.md (21 lines, ~2.0KB)
[15:29:34] ðŸŸ¢ READ .ralph/guardrails.md (28 lines, ~2.7KB)
[15:29:37] ðŸŸ¢ READ .gitignore (3 lines, ~.2KB)
[15:29:49] ðŸŸ¢ TOKENS: 3029 / 80000 (3%) [read:8KB write:0KB assist:0KB shell:0KB]
[15:30:25] ðŸŸ¢ TOKENS: 3033 / 80000 (3%) [read:8KB write:0KB assist:0KB shell:0KB]
[15:30:28] ðŸŸ¢ READ RALPH_TASK.md (38 lines, ~3.7KB)
[15:30:31] ðŸŸ¢ READ .ralph/progress.md (21 lines, ~2.0KB)
[15:30:32] ðŸŸ¢ READ RALPH_TASK.md (38 lines, ~3.7KB)
[15:30:37] ðŸŸ¢ READ RALPH_TASK.md (38 lines, ~3.7KB)
[15:30:46] ðŸŸ¢ SHELL cd /Users/cc/Documents/AI/aiwishlist && sed -i '' 's/^1\. \[\]/1. [x]/' RALPH_TASK.md && sed -i '' 's/^2\. \[\]/2. [x]/' RALPH_TASK.md && sed -i '' 's/^3\. \[\]/3. [x]/' RALPH_TASK.md && sed -i '' 's/^4\. \[\]/4. [x]/' RALPH_TASK.md â†’ exit 0
[15:30:51] ðŸŸ¢ SHELL cd /Users/cc/Documents/AI/aiwishlist && git add -A && git commit -m "ralph: å®ŒæˆåŸºç¡€åŠŸèƒ½ - æ„¿æœ›æ”¶é›†ã€å±•ç¤ºã€æäº¤å’Œäº’åŠ¨åŠŸèƒ½" â†’ exit 0
[15:30:55] ðŸŸ¢ TOKENS: 6455 / 80000 (8%) [read:21KB write:0KB assist:0KB shell:0KB]
[15:30:55] ðŸŸ¢ READ src/services/wishService.js (92 lines, ~8.9KB)
[15:31:16] ðŸŸ¢ READ src/views/SubmitWish.vue (225 lines, ~21.9KB)
[15:31:23] ðŸŸ¢ READ src/views/WishDetail.vue (389 lines, ~37.9KB)
[15:31:25] ðŸŸ¢ TOKENS: 24141 / 80000 (30%) [read:90KB write:0KB assist:0KB shell:0KB]
[15:31:26] ðŸŸ¢ READ src/views/WishDetail.vue (389 lines, ~37.9KB)
[15:31:39] ðŸŸ¢ READ src/services/authService.js (66 lines, ~6.4KB)
[15:31:46] ðŸŸ¢ SHELL cd /Users/cc/Documents/AI/aiwishlist && sed -i '' 's/^5\. \[\]/5. [x]/' RALPH_TASK.md â†’ exit 0
[15:31:47] ðŸŸ¢ SHELL cd /Users/cc/Documents/AI/aiwishlist && git add -A && git commit -m "ralph: å®žçŽ°ç³»ç»Ÿç®¡ç†åŠŸèƒ½ - ç®¡ç†å‘˜å’Œæ™®é€šç”¨æˆ·æƒé™ç®¡ç†" â†’ exit 0
[15:31:54] ðŸŸ¡ READ src/views/WishDetail.vue (587 lines, ~57.3KB)
[15:31:55] ðŸŸ¡ TOKENS: 50236 / 80000 (62%) [read:192KB write:0KB assist:0KB shell:0KB]
[15:32:13] ðŸŸ¡ SHELL cd /Users/cc/Documents/AI/aiwishlist && sed -i '' 's/^6\. \[\]/6. [x]/' RALPH_TASK.md â†’ exit 0
[15:32:14] ðŸŸ¡ READ RALPH_TASK.md (38 lines, ~3.7KB)
[15:32:14] ðŸŸ¡ SHELL cd /Users/cc/Documents/AI/aiwishlist && git add -A && git commit -m "ralph: å®žçŽ°å²—ä½åŒ¹é…åˆ†æžåŠŸèƒ½ - å®Œæˆæ‰€æœ‰æ ‡å‡†" â†’ exit 0
[15:32:18] ðŸŸ¡ READ RALPH_TASK.md (38 lines, ~3.7KB)
[15:32:22] ðŸŸ¡ SHELL cd /Users/cc/Documents/AI/aiwishlist && git add RALPH_TASK.md && git commit -m "ralph: æ›´æ–°ä»»åŠ¡æ–‡ä»¶ï¼Œæ ‡è®°æ‰€æœ‰æ ‡å‡†ä¸ºå·²å®Œæˆ" â†’ exit 0
[15:32:24] ðŸŸ¡ âœ… Agent signaled COMPLETE
[15:32:24] ðŸŸ¡ SESSION END: 182305ms, ~52278 tokens used
[15:32:24] ðŸŸ¡ TOKENS: 52278 / 80000 (65%) [read:200KB write:0KB assist:1KB shell:0KB]

â•â•â•â•â•â•â•â•â•â•â•â•â•â•â•â•â•â•â•â•â•â•â•â•â•â•â•â•â•â•â•â•â•â•â•â•â•â•â•â•â•â•â•â•â•â•â•â•â•â•â•â•â•â•â•â•â•â•â•â•â•â•â•
Ralph Session Started: 2026å¹´ 1æœˆ28æ—¥ æ˜ŸæœŸä¸‰ 15æ—¶55åˆ†24ç§’ CST
â•â•â•â•â•â•â•â•â•â•â•â•â•â•â•â•â•â•â•â•â•â•â•â•â•â•â•â•â•â•â•â•â•â•â•â•â•â•â•â•â•â•â•â•â•â•â•â•â•â•â•â•â•â•â•â•â•â•â•â•â•â•â•
[15:55:31] ðŸŸ¢ SESSION START: model=Composer 1
[15:55:38] ðŸŸ¢ READ RALPH_TASK.md (140 lines, ~13.6KB)
[15:55:38] ðŸŸ¢ READ .ralph/progress.md (68 lines, ~6.6KB)
[15:55:40] ðŸŸ¢ READ RALPH_TASK.md (140 lines, ~13.6KB)
[15:55:47] ðŸŸ¢ READ package.json (19 lines, ~1.8KB)
[15:55:47] ðŸŸ¢ READ src/App.vue (87 lines, ~8.4KB)
[15:55:49] ðŸŸ¢ READ src/views/Home.vue (263 lines, ~25.6KB)
[15:55:49] ðŸŸ¢ READ src/views/WishDetail.vue (675 lines, ~65.9KB)
[15:55:49] ðŸŸ¡ READ src/views/AdminPanel.vue (545 lines, ~53.2KB)
[15:55:49] ðŸŸ¡ READ src/services/matchService.js (63 lines, ~6.1KB)
[15:55:51] ðŸŸ¡ SHELL cd /Users/cc/Documents/AI/aiwishlist && git status â†’ exit 0
[15:55:54] ðŸŸ¡ TOKENS: 50773 / 80000 (63%) [read:195KB write:0KB assist:0KB shell:0KB]
[15:55:55] ðŸŸ¡ SHELL cd /Users/cc/Documents/AI/aiwishlist && npm run build 2>&1 | head -20 â†’ exit 0
[15:56:21] ðŸŸ¡ SHELL cd /Users/cc/Documents/AI/aiwishlist && npm install â†’ exit 0
[15:56:23] ðŸŸ¡ SHELL cd /Users/cc/Documents/AI/aiwishlist && npm run build 2>&1 | tail -10 â†’ exit 0
[15:56:25] ðŸŸ¡ TOKENS: 50782 / 80000 (63%) [read:195KB write:0KB assist:0KB shell:0KB]
[15:56:26] ðŸŸ¡ READ .ralph/activity.log (61 lines, ~5.9KB)
[15:56:26] ðŸŸ¡ SHELL cd /Users/cc/Documents/AI/aiwishlist && git diff .ralph/activity.log | head -30 â†’ exit 0
[15:56:29] ðŸŸ¡ READ .ralph/progress.md (68 lines, ~6.6KB)
[15:56:34] ðŸŸ¡ SHELL cd /Users/cc/Documents/AI/aiwishlist && git add .ralph/progress.md .ralph/activity.log && git commit -m "ralph: æ›´æ–°è¿›åº¦æ–‡ä»¶ï¼Œè®°å½•éªŒè¯å·¥ä½œ" â†’ exit 0
[15:56:36] ðŸŸ¡ âœ… Agent signaled COMPLETE
[15:56:36] ðŸŸ¡ SESSION END: 65483ms, ~54129 tokens used
[15:56:36] ðŸŸ¡ TOKENS: 54129 / 80000 (67%) [read:207KB write:0KB assist:0KB shell:0KB]

â•â•â•â•â•â•â•â•â•â•â•â•â•â•â•â•â•â•â•â•â•â•â•â•â•â•â•â•â•â•â•â•â•â•â•â•â•â•â•â•â•â•â•â•â•â•â•â•â•â•â•â•â•â•â•â•â•â•â•â•â•â•â•
Ralph Session Started: 2026å¹´ 1æœˆ28æ—¥ æ˜ŸæœŸä¸‰ 15æ—¶56åˆ†39ç§’ CST
â•â•â•â•â•â•â•â•â•â•â•â•â•â•â•â•â•â•â•â•â•â•â•â•â•â•â•â•â•â•â•â•â•â•â•â•â•â•â•â•â•â•â•â•â•â•â•â•â•â•â•â•â•â•â•â•â•â•â•â•â•â•â•
[15:56:45] ðŸŸ¢ SESSION START: model=Composer 1
[15:56:49] ðŸŸ¢ READ RALPH_TASK.md (140 lines, ~13.6KB)
[15:56:50] ðŸŸ¢ READ .ralph/progress.md (88 lines, ~8.5KB)
[15:56:52] ðŸŸ¢ READ RALPH_TASK.md (140 lines, ~13.6KB)
[15:56:59] ðŸŸ¢ READ src/App.vue (87 lines, ~8.4KB)
[15:57:00] ðŸŸ¢ READ src/router/index.js (42 lines, ~4.1KB)
[15:57:00] ðŸŸ¢ READ package.json (19 lines, ~1.8KB)
[15:57:04] ðŸŸ¢ READ .ralph/guardrails.md (28 lines, ~2.7KB)
[15:57:04] ðŸŸ¢ SHELL cd /Users/cc/Documents/AI/aiwishlist && npm run build â†’ exit 0
[15:57:06] ðŸŸ¢ READ src/views/Home.vue (263 lines, ~25.6KB)
[15:57:06] ðŸŸ¢ READ src/views/WishDetail.vue (675 lines, ~65.9KB)
[15:57:07] ðŸŸ¡ READ src/views/AdminPanel.vue (545 lines, ~53.2KB)
[15:57:09] ðŸŸ¡ TOKENS: 51451 / 80000 (64%) [read:197KB write:0KB assist:0KB shell:0KB]
[15:57:09] ðŸŸ¡ SHELL cd /Users/cc/Documents/AI/aiwishlist && timeout 5 npm run dev 2>&1 || true â†’ exit 0
[15:57:09] ðŸŸ¡ READ src/data/wishes.js (113 lines, ~11.0KB)
[15:57:11] ðŸŸ¡ READ src/views/SubmitWish.vue (275 lines, ~26.8KB)
[15:57:13] ðŸŸ¡ READ .ralph/progress.md (88 lines, ~8.5KB)
